2013-04-26 17:14:40,422 - Starting Apache Velocity v1.5 (compiled: 2007-02-22 08:52:29)
2013-04-26 17:14:40,422 - Default Properties File: org/apache/velocity/runtime/defaults/velocity.properties
2013-04-26 17:14:40,422 - Trying to use logger class org.apache.velocity.runtime.log.AvalonLogChute
2013-04-26 17:14:40,422 - Couldn't find class org.apache.velocity.runtime.log.AvalonLogChute or necessary supporting classes in classpath.
java.lang.NoClassDefFoundError: org/apache/log/format/Formatter
	at java.lang.Class.forName0(Native Method)
	at java.lang.Class.forName(Class.java:266)
	at org.apache.velocity.util.ClassUtils.getClass(ClassUtils.java:63)
	at org.apache.velocity.util.ClassUtils.getNewInstance(ClassUtils.java:95)
	at org.apache.velocity.runtime.log.LogManager.createLogChute(LogManager.java:147)
	at org.apache.velocity.runtime.log.LogManager.updateLog(LogManager.java:208)
	at org.apache.velocity.runtime.RuntimeInstance.initializeLog(RuntimeInstance.java:728)
	at org.apache.velocity.runtime.RuntimeInstance.init(RuntimeInstance.java:240)
	at org.apache.velocity.runtime.RuntimeInstance.init(RuntimeInstance.java:534)
	at org.apache.velocity.app.VelocityEngine.init(VelocityEngine.java:144)
	at com.amazonaws.mturk.addon.HITQuestion.<init>(HITQuestion.java:69)
	at com.amazonaws.mturk.cmd.LoadHITs.loadHITs(LoadHITs.java:185)
	at com.amazonaws.mturk.cmd.LoadHITs.runCommand(LoadHITs.java:120)
	at com.amazonaws.mturk.cmd.AbstractCmd.run(AbstractCmd.java:148)
	at com.amazonaws.mturk.cmd.LoadHITs.main(LoadHITs.java:55)
Caused by: java.lang.ClassNotFoundException: org.apache.log.format.Formatter
	at java.net.URLClassLoader$1.run(URLClassLoader.java:217)
	at java.security.AccessController.doPrivileged(Native Method)
	at java.net.URLClassLoader.findClass(URLClassLoader.java:205)
	at java.lang.ClassLoader.loadClass(ClassLoader.java:321)
	at sun.misc.Launcher$AppClassLoader.loadClass(Launcher.java:294)
	at java.lang.ClassLoader.loadClass(ClassLoader.java:266)
	... 15 more
2013-04-26 17:14:40,423 - Trying to use logger class org.apache.velocity.runtime.log.Log4JLogChute
2013-04-26 17:14:40,423 - Using logger class org.apache.velocity.runtime.log.Log4JLogChute
2013-04-26 17:14:40,424 - Default ResourceManager initializing. (class org.apache.velocity.runtime.resource.ResourceManagerImpl)
2013-04-26 17:14:40,426 - ResourceLoader instantiated: org.apache.velocity.runtime.resource.loader.FileResourceLoader
2013-04-26 17:14:40,427 - Do unicode file recognition:  false
2013-04-26 17:14:40,427 - FileResourceLoader : adding path '../samples/external_hit'
2013-04-26 17:14:40,435 - ResourceCache: initialized (class org.apache.velocity.runtime.resource.ResourceCacheImpl)
2013-04-26 17:14:40,436 - Loaded System Directive: org.apache.velocity.runtime.directive.Literal
2013-04-26 17:14:40,437 - Loaded System Directive: org.apache.velocity.runtime.directive.Macro
2013-04-26 17:14:40,438 - Loaded System Directive: org.apache.velocity.runtime.directive.Parse
2013-04-26 17:14:40,439 - Loaded System Directive: org.apache.velocity.runtime.directive.Include
2013-04-26 17:14:40,440 - Loaded System Directive: org.apache.velocity.runtime.directive.Foreach
2013-04-26 17:14:40,458 - Created '20' parsers.
2013-04-26 17:14:40,463 - Velocimacro : "velocimacro.library" is not set.  Trying default library: VM_global_library.vm
2013-04-26 17:14:40,463 - Velocimacro : Default library not found.
2013-04-26 17:14:40,463 - Velocimacro : allowInline = true : VMs can be defined inline in templates
2013-04-26 17:14:40,463 - Velocimacro : allowInlineToOverride = false : VMs defined inline may NOT replace previous VM definitions
2013-04-26 17:14:40,463 - Velocimacro : allowInlineLocal = false : VMs defined inline will be global in scope if allowed.
2013-04-26 17:14:40,463 - Velocimacro : autoload off : VM system will not automatically reload global library macros
2013-04-26 17:14:40,470 - ResourceManager : found external_hit.question with loader org.apache.velocity.runtime.resource.loader.FileResourceLoader
2013-04-26 17:14:40,475 - Log4JLogChute initialized using file 'velocity.log'
2013-04-26 17:14:40,475 - Starting Apache Velocity v1.5 (compiled: 2007-02-22 08:52:29)
2013-04-26 17:14:40,475 - Default Properties File: org/apache/velocity/runtime/defaults/velocity.properties
2013-04-26 17:14:40,476 - Trying to use logger class org.apache.velocity.runtime.log.AvalonLogChute
2013-04-26 17:14:40,476 - Couldn't find class org.apache.velocity.runtime.log.AvalonLogChute or necessary supporting classes in classpath.
java.lang.NoClassDefFoundError: org/apache/log/format/Formatter
	at java.lang.Class.forName0(Native Method)
	at java.lang.Class.forName(Class.java:266)
	at org.apache.velocity.util.ClassUtils.getClass(ClassUtils.java:63)
	at org.apache.velocity.util.ClassUtils.getNewInstance(ClassUtils.java:95)
	at org.apache.velocity.runtime.log.LogManager.createLogChute(LogManager.java:147)
	at org.apache.velocity.runtime.log.LogManager.updateLog(LogManager.java:208)
	at org.apache.velocity.runtime.RuntimeInstance.initializeLog(RuntimeInstance.java:728)
	at org.apache.velocity.runtime.RuntimeInstance.init(RuntimeInstance.java:240)
	at org.apache.velocity.runtime.RuntimeSingleton.init(RuntimeSingleton.java:113)
	at org.apache.velocity.app.Velocity.init(Velocity.java:83)
	at com.amazonaws.mturk.util.VelocityUtil.doMerge(VelocityUtil.java:34)
	at com.amazonaws.mturk.addon.HITProperties.getMaxAssignments(HITProperties.java:268)
	at com.amazonaws.mturk.cmd.LoadHITs.loadHITs(LoadHITs.java:226)
	at com.amazonaws.mturk.cmd.LoadHITs.runCommand(LoadHITs.java:120)
	at com.amazonaws.mturk.cmd.AbstractCmd.run(AbstractCmd.java:148)
	at com.amazonaws.mturk.cmd.LoadHITs.main(LoadHITs.java:55)
Caused by: java.lang.ClassNotFoundException: org.apache.log.format.Formatter
	at java.net.URLClassLoader$1.run(URLClassLoader.java:217)
	at java.security.AccessController.doPrivileged(Native Method)
	at java.net.URLClassLoader.findClass(URLClassLoader.java:205)
	at java.lang.ClassLoader.loadClass(ClassLoader.java:321)
	at sun.misc.Launcher$AppClassLoader.loadClass(Launcher.java:294)
	at java.lang.ClassLoader.loadClass(ClassLoader.java:266)
	... 16 more
2013-04-26 17:14:40,476 - Trying to use logger class org.apache.velocity.runtime.log.Log4JLogChute
2013-04-26 17:14:40,476 - Using logger class org.apache.velocity.runtime.log.Log4JLogChute
2013-04-26 17:14:40,476 - Default ResourceManager initializing. (class org.apache.velocity.runtime.resource.ResourceManagerImpl)
2013-04-26 17:14:40,476 - ResourceLoader instantiated: org.apache.velocity.runtime.resource.loader.FileResourceLoader
2013-04-26 17:14:40,476 - Do unicode file recognition:  false
2013-04-26 17:14:40,476 - FileResourceLoader : adding path '.'
2013-04-26 17:14:40,476 - ResourceCache: initialized (class org.apache.velocity.runtime.resource.ResourceCacheImpl)
2013-04-26 17:14:40,477 - Loaded System Directive: org.apache.velocity.runtime.directive.Literal
2013-04-26 17:14:40,477 - Loaded System Directive: org.apache.velocity.runtime.directive.Macro
2013-04-26 17:14:40,477 - Loaded System Directive: org.apache.velocity.runtime.directive.Parse
2013-04-26 17:14:40,477 - Loaded System Directive: org.apache.velocity.runtime.directive.Include
2013-04-26 17:14:40,477 - Loaded System Directive: org.apache.velocity.runtime.directive.Foreach
2013-04-26 17:14:40,481 - Created '20' parsers.
2013-04-26 17:14:40,481 - Velocimacro : "velocimacro.library" is not set.  Trying default library: VM_global_library.vm
2013-04-26 17:14:40,482 - Velocimacro : Default library not found.
2013-04-26 17:14:40,482 - Velocimacro : allowInline = true : VMs can be defined inline in templates
2013-04-26 17:14:40,482 - Velocimacro : allowInlineToOverride = false : VMs defined inline may NOT replace previous VM definitions
2013-04-26 17:14:40,482 - Velocimacro : allowInlineLocal = false : VMs defined inline will be global in scope if allowed.
2013-04-26 17:14:40,482 - Velocimacro : autoload off : VM system will not automatically reload global library macros
2013-04-26 17:14:41,643 - Null reference [template 'external_hit.question', line 2, column 32] : $urls cannot be resolved.
2013-04-26 17:14:41,653 - Null reference [template 'external_hit.question', line 2, column 32] : $urls cannot be resolved.
2013-04-26 17:14:41,653 - Null reference [template 'external_hit.question', line 2, column 32] : $urls cannot be resolved.
2013-04-26 17:14:41,654 - Null reference [template 'external_hit.question', line 2, column 32] : $urls cannot be resolved.
40,476 - ResourceCache: initialized (class org.apache.velocity.runtime.resource.ResourceCacheImpl)
2013-04-26 17:14:40,477 - Loaded System Directive: org.apache.velocity.runtime.directive.Literal
2013-04-26 17:14:40,477 - Loaded System Directive: org.apache.velocity.runtime.directive.Macro
2013-04-26 17:14:40,477 - Loaded System Directive: org.apache.velocity.runtime.directive.Parse
2013-04-26 17:14:40,477 - Loaded System Directive: org.apache.velocity.runtime.directive.Include
2013-04-26 17:14:40,477 - Loaded System Directive: org.apache.velocity.runtime.directive.Foreach
2013-04-26 17:14:40,481 - Created '20' parsers.
2013-04-26 17:14:40,481 - Velocimacro : "velocimacro.library" is not set.  Trying default library: VM_global_library.vm
2013-04-26 17:14:40,482 - Velocimacro : Default library not found.
2013-04-26 17:14:40,482 - Velocimacro : allowInline = true : VMs can be defined inline in templates
2013-04-26 17:14:40,482 - Velocimacro : allowInlineToOverride = false : VMs defined inline may NOT replace previous VM definitions
2013-04-26 17:14:40,482 - Velocimacro : allowInlineLocal = false : VMs defined inline will be global in scope if allowed.
2013-04-26 17:14:40,482 - Velocimacro : autoload off : VM system will not automatically reload global library macros
2013-04-26 17:14:41,643 - Null reference [template 'external_hit.question', line 2, column 32] : $urls cannot be resolved.
2013-04-26 17:14:41,653 - Null reference [template 'external_hit.question', line 2, column 32] : $urls cannot be resolved.
2013-04-26 17:14:41,653 - Null reference [template 'external_hit.question', line 2, column 32] : $urls cannot be resolved.
2013-04-26 17:14:41,654 - Null reference [template 'external_hit.question', line 2, column 32] : $urls cannot be resolved.
2013-04-26 17:33:31,019 - Log4JLogChute initialized using file 'velocity.log'
2013-04-26 17:33:31,020 - Starting Apache Velocity v1.5 (compiled: 2007-02-22 08:52:29)
2013-04-26 17:33:31,020 - Default Properties File: org/apache/velocity/runtime/defaults/velocity.properties
2013-04-26 17:33:31,020 - Trying to use logger class org.apache.velocity.runtime.log.AvalonLogChute
2013-04-26 17:33:31,020 - Couldn't find class org.apache.velocity.runtime.log.AvalonLogChute or necessary supporting classes in classpath.
java.lang.NoClassDefFoundError: org/apache/log/format/Formatter
	at java.lang.Class.forName0(Native Method)
	at java.lang.Class.forName(Class.java:266)
	at org.apache.velocity.util.ClassUtils.getClass(ClassUtils.java:63)
	at org.apache.velocity.util.ClassUtils.getNewInstance(ClassUtils.java:95)
	at org.apache.velocity.runtime.log.LogManager.createLogChute(LogManager.java:147)
	at org.apache.velocity.runtime.log.LogManager.updateLog(LogManager.java:208)
	at org.apache.velocity.runtime.RuntimeInstance.initializeLog(RuntimeInstance.java:728)
	at org.apache.velocity.runtime.RuntimeInstance.init(RuntimeInstance.java:240)
	at org.apache.velocity.runtime.RuntimeInstance.init(RuntimeInstance.java:534)
	at org.apache.velocity.app.VelocityEngine.init(VelocityEngine.java:144)
	at com.amazonaws.mturk.addon.HITQuestion.<init>(HITQuestion.java:69)
	at com.amazonaws.mturk.cmd.LoadHITs.loadHITs(LoadHITs.java:185)
	at com.amazonaws.mturk.cmd.LoadHITs.runCommand(LoadHITs.java:120)
	at com.amazonaws.mturk.cmd.AbstractCmd.run(AbstractCmd.java:148)
	at com.amazonaws.mturk.cmd.LoadHITs.main(LoadHITs.java:55)
Caused by: java.lang.ClassNotFoundException: org.apache.log.format.Formatter
	at java.net.URLClassLoader$1.run(URLClassLoader.java:217)
	at java.security.AccessController.doPrivileged(Native Method)
	at java.net.URLClassLoader.findClass(URLClassLoader.java:205)
	at java.lang.ClassLoader.loadClass(ClassLoader.java:321)
	at sun.misc.Launcher$AppClassLoader.loadClass(Launcher.java:294)
	at java.lang.ClassLoader.loadClass(ClassLoader.java:266)
	... 15 more
2013-04-26 17:33:31,021 - Trying to use logger class org.apache.velocity.runtime.log.Log4JLogChute
2013-04-26 17:33:31,021 - Using logger class org.apache.velocity.runtime.log.Log4JLogChute
2013-04-26 17:33:31,022 - Default ResourceManager initializing. (class org.apache.velocity.runtime.resource.ResourceManagerImpl)
2013-04-26 17:33:31,024 - ResourceLoader instantiated: org.apache.velocity.runtime.resource.loader.FileResourceLoader
2013-04-26 17:33:31,025 - Do unicode file recognition:  false
2013-04-26 17:33:31,025 - FileResourceLoader : adding path '../samples/external_hit'
2013-04-26 17:33:31,033 - ResourceCache: initialized (class org.apache.velocity.runtime.resource.ResourceCacheImpl)
2013-04-26 17:33:31,034 - Loaded System Directive: org.apache.velocity.runtime.directive.Literal
2013-04-26 17:33:31,035 - Loaded System Directive: org.apache.velocity.runtime.directive.Macro
2013-04-26 17:33:31,037 - Loaded System Directive: org.apache.velocity.runtime.directive.Parse
2013-04-26 17:33:31,037 - Loaded System Directive: org.apache.velocity.runtime.directive.Include
2013-04-26 17:33:31,038 - Loaded System Directive: org.apache.velocity.runtime.directive.Foreach
2013-04-26 17:33:31,056 - Created '20' parsers.
2013-04-26 17:33:31,061 - Velocimacro : "velocimacro.library" is not set.  Trying default library: VM_global_library.vm
2013-04-26 17:33:31,061 - Velocimacro : Default library not found.
2013-04-26 17:33:31,061 - Velocimacro : allowInline = true : VMs can be defined inline in templates
2013-04-26 17:33:31,062 - Velocimacro : allowInlineToOverride = false : VMs defined inline may NOT replace previous VM definitions
2013-04-26 17:33:31,062 - Velocimacro : allowInlineLocal = false : VMs defined inline will be global in scope if allowed.
2013-04-26 17:33:31,062 - Velocimacro : autoload off : VM system will not automatically reload global library macros
2013-04-26 17:33:31,069 - ResourceManager : found external_hit.question with loader org.apache.velocity.runtime.resource.loader.FileResourceLoader
2013-04-26 17:33:31,074 - Log4JLogChute initialized using file 'velocity.log'
2013-04-26 17:33:31,074 - Log4JLogChute initialized using file 'velocity.log'
2013-04-26 17:33:31,074 - Starting Apache Velocity v1.5 (compiled: 2007-02-22 08:52:29)
2013-04-26 17:33:31,074 - Starting Apache Velocity v1.5 (compiled: 2007-02-22 08:52:29)
2013-04-26 17:33:31,074 - Default Properties File: org/apache/velocity/runtime/defaults/velocity.properties
2013-04-26 17:33:31,074 - Default Properties File: org/apache/velocity/runtime/defaults/velocity.properties
2013-04-26 17:33:31,074 - Trying to use logger class org.apache.velocity.runtime.log.AvalonLogChute
2013-04-26 17:33:31,074 - Trying to use logger class org.apache.velocity.runtime.log.AvalonLogChute
2013-04-26 17:33:31,074 - Couldn't find class org.apache.velocity.runtime.log.AvalonLogChute or necessary supporting classes in classpath.
java.lang.NoClassDefFoundError: org/apache/log/format/Formatter
	at java.lang.Class.forName0(Native Method)
	at java.lang.Class.forName(Class.java:266)
	at org.apache.velocity.util.ClassUtils.getClass(ClassUtils.java:63)
	at org.apache.velocity.util.ClassUtils.getNewInstance(ClassUtils.java:95)
	at org.apache.velocity.runtime.log.LogManager.createLogChute(LogManager.java:147)
	at org.apache.velocity.runtime.log.LogManager.updateLog(LogManager.java:208)
	at org.apache.velocity.runtime.RuntimeInstance.initializeLog(RuntimeInstance.java:728)
	at org.apache.velocity.runtime.RuntimeInstance.init(RuntimeInstance.java:240)
	at org.apache.velocity.runtime.RuntimeSingleton.init(RuntimeSingleton.java:113)
	at org.apache.velocity.app.Velocity.init(Velocity.java:83)
	at com.amazonaws.mturk.util.VelocityUtil.doMerge(VelocityUtil.java:34)
	at com.amazonaws.mturk.addon.HITProperties.getMaxAssignments(HITProperties.java:268)
	at com.amazonaws.mturk.cmd.LoadHITs.loadHITs(LoadHITs.java:226)
	at com.amazonaws.mturk.cmd.LoadHITs.runCommand(LoadHITs.java:120)
	at com.amazonaws.mturk.cmd.AbstractCmd.run(AbstractCmd.java:148)
	at com.amazonaws.mturk.cmd.LoadHITs.main(LoadHITs.java:55)
Caused by: java.lang.ClassNotFoundException: org.apache.log.format.Formatter
	at java.net.URLClassLoader$1.run(URLClassLoader.java:217)
	at java.security.AccessController.doPrivileged(Native Method)
	at java.net.URLClassLoader.findClass(URLClassLoader.java:205)
	at java.lang.ClassLoader.loadClass(ClassLoader.java:321)
	at sun.misc.Launcher$AppClassLoader.loadClass(Launcher.java:294)
	at java.lang.ClassLoader.loadClass(ClassLoader.java:266)
	... 16 more
2013-04-26 17:33:31,074 - Couldn't find class org.apache.velocity.runtime.log.AvalonLogChute or necessary supporting classes in classpath.
java.lang.NoClassDefFoundError: org/apache/log/format/Formatter
	at java.lang.Class.forName0(Native Method)
	at java.lang.Class.forName(Class.java:266)
	at org.apache.velocity.util.ClassUtils.getClass(ClassUtils.java:63)
	at org.apache.velocity.util.ClassUtils.getNewInstance(ClassUtils.java:95)
	at org.apache.velocity.runtime.log.LogManager.createLogChute(LogManager.java:147)
	at org.apache.velocity.runtime.log.LogManager.updateLog(LogManager.java:208)
	at org.apache.velocity.runtime.RuntimeInstance.initializeLog(RuntimeInstance.java:728)
	at org.apache.velocity.runtime.RuntimeInstance.init(RuntimeInstance.java:240)
	at org.apache.velocity.runtime.RuntimeSingleton.init(RuntimeSingleton.java:113)
	at org.apache.velocity.app.Velocity.init(Velocity.java:83)
	at com.amazonaws.mturk.util.VelocityUtil.doMerge(VelocityUtil.java:34)
	at com.amazonaws.mturk.addon.HITProperties.getMaxAssignments(HITProperties.java:268)
	at com.amazonaws.mturk.cmd.LoadHITs.loadHITs(LoadHITs.java:226)
	at com.amazonaws.mturk.cmd.LoadHITs.runCommand(LoadHITs.java:120)
	at com.amazonaws.mturk.cmd.AbstractCmd.run(AbstractCmd.java:148)
	at com.amazonaws.mturk.cmd.LoadHITs.main(LoadHITs.java:55)
Caused by: java.lang.ClassNotFoundException: org.apache.log.format.Formatter
	at java.net.URLClassLoader$1.run(URLClassLoader.java:217)
	at java.security.AccessController.doPrivileged(Native Method)
	at java.net.URLClassLoader.findClass(URLClassLoader.java:205)
	at java.lang.ClassLoader.loadClass(ClassLoader.java:321)
	at sun.misc.Launcher$AppClassLoader.loadClass(Launcher.java:294)
	at java.lang.ClassLoader.loadClass(ClassLoader.java:266)
	... 16 more
2013-04-26 17:33:31,075 - Trying to use logger class org.apache.velocity.runtime.log.Log4JLogChute
2013-04-26 17:33:31,075 - Trying to use logger class org.apache.velocity.runtime.log.Log4JLogChute
2013-04-26 17:33:31,075 - Using logger class org.apache.velocity.runtime.log.Log4JLogChute
2013-04-26 17:33:31,075 - Using logger class org.apache.velocity.runtime.log.Log4JLogChute
2013-04-26 17:33:31,075 - Default ResourceManager initializing. (class org.apache.velocity.runtime.resource.ResourceManagerImpl)
2013-04-26 17:33:31,075 - Default ResourceManager initializing. (class org.apache.velocity.runtime.resource.ResourceManagerImpl)
2013-04-26 17:33:31,075 - ResourceLoader instantiated: org.apache.velocity.runtime.resource.loader.FileResourceLoader
2013-04-26 17:33:31,075 - ResourceLoader instantiated: org.apache.velocity.runtime.resource.loader.FileResourceLoader
2013-04-26 17:33:31,075 - Do unicode file recognition:  false
2013-04-26 17:33:31,075 - Do unicode file recognition:  false
2013-04-26 17:33:31,075 - FileResourceLoader : adding path '.'
2013-04-26 17:33:31,075 - FileResourceLoader : adding path '.'
2013-04-26 17:33:31,075 - ResourceCache: initialized (class org.apache.velocity.runtime.resource.ResourceCacheImpl)
2013-04-26 17:33:31,075 - ResourceCache: initialized (class org.apache.velocity.runtime.resource.ResourceCacheImpl)
2013-04-26 17:33:31,076 - Loaded System Directive: org.apache.velocity.runtime.directive.Literal
2013-04-26 17:33:31,076 - Loaded System Directive: org.apache.velocity.runtime.directive.Literal
2013-04-26 17:33:31,076 - Loaded System Directive: org.apache.velocity.runtime.directive.Macro
2013-04-26 17:33:31,076 - Loaded System Directive: org.apache.velocity.runtime.directive.Macro
2013-04-26 17:33:31,076 - Loaded System Directive: org.apache.velocity.runtime.directive.Parse
2013-04-26 17:33:31,076 - Loaded System Directive: org.apache.velocity.runtime.directive.Parse
2013-04-26 17:33:31,076 - Loaded System Directive: org.apache.velocity.runtime.directive.Include
2013-04-26 17:33:31,076 - Loaded System Directive: org.apache.velocity.runtime.directive.Include
2013-04-26 17:33:31,076 - Loaded System Directive: org.apache.velocity.runtime.directive.Foreach
2013-04-26 17:33:31,076 - Loaded System Directive: org.apache.velocity.runtime.directive.Foreach
2013-04-26 17:33:31,080 - Created '20' parsers.
2013-04-26 17:33:31,080 - Created '20' parsers.
2013-04-26 17:33:31,081 - Velocimacro : "velocimacro.library" is not set.  Trying default library: VM_global_library.vm
2013-04-26 17:33:31,081 - Velocimacro : "velocimacro.library" is not set.  Trying default library: VM_global_library.vm
2013-04-26 17:33:31,081 - Velocimacro : Default library not found.
2013-04-26 17:33:31,081 - Velocimacro : Default library not found.
2013-04-26 17:33:31,081 - Velocimacro : allowInline = true : VMs can be defined inline in templates
2013-04-26 17:33:31,081 - Velocimacro : allowInline = true : VMs can be defined inline in templates
2013-04-26 17:33:31,081 - Velocimacro : allowInlineToOverride = false : VMs defined inline may NOT replace previous VM definitions
2013-04-26 17:33:31,081 - Velocimacro : allowInlineToOverride = false : VMs defined inline may NOT replace previous VM definitions
2013-04-26 17:33:31,081 - Velocimacro : allowInlineLocal = false : VMs defined inline will be global in scope if allowed.
2013-04-26 17:33:31,081 - Velocimacro : allowInlineLocal = false : VMs defined inline will be global in scope if allowed.
2013-04-26 17:33:31,081 - Velocimacro : autoload off : VM system will not automatically reload global library macros
2013-04-26 17:33:31,081 - Velocimacro : autoload off : VM system will not automatically reload global library macros
2013-04-26 17:33:32,295 - Null reference [template 'external_hit.question', line 2, column 32] : $urls cannot be resolved.
2013-04-26 17:33:32,295 - Null reference [template 'external_hit.question', line 2, column 32] : $urls cannot be resolved.
2013-04-26 17:33:32,311 - Null reference [template 'external_hit.question', line 2, column 32] : $urls cannot be resolved.
2013-04-26 17:33:32,311 - Null reference [template 'external_hit.question', line 2, column 32] : $urls cannot be resolved.
2013-04-26 17:33:32,312 - Null reference [template 'external_hit.question', line 2, column 32] : $urls cannot be resolved.
2013-04-26 17:33:32,312 - Null reference [template 'external_hit.question', line 2, column 32] : $urls cannot be resolved.
2013-04-26 17:33:32,312 - Null reference [template 'external_hit.question', line 2, column 32] : $urls cannot be resolved.
2013-04-26 17:33:32,312 - Null reference [template 'external_hit.question', line 2, column 32] : $urls cannot be resolved.
2013-04-26 18:45:29,129 - Log4JLogChute initialized using file 'velocity.log'
2013-04-26 18:45:29,130 - Starting Apache Velocity v1.5 (compiled: 2007-02-22 08:52:29)
2013-04-26 18:45:29,130 - Default Properties File: org/apache/velocity/runtime/defaults/velocity.properties
2013-04-26 18:45:29,130 - Trying to use logger class org.apache.velocity.runtime.log.AvalonLogChute
2013-04-26 18:45:29,130 - Couldn't find class org.apache.velocity.runtime.log.AvalonLogChute or necessary supporting classes in classpath.
java.lang.NoClassDefFoundError: org/apache/log/format/Formatter
	at java.lang.Class.forName0(Native Method)
	at java.lang.Class.forName(Class.java:266)
	at org.apache.velocity.util.ClassUtils.getClass(ClassUtils.java:63)
	at org.apache.velocity.util.ClassUtils.getNewInstance(ClassUtils.java:95)
	at org.apache.velocity.runtime.log.LogManager.createLogChute(LogManager.java:147)
	at org.apache.velocity.runtime.log.LogManager.updateLog(LogManager.java:208)
	at org.apache.velocity.runtime.RuntimeInstance.initializeLog(RuntimeInstance.java:728)
	at org.apache.velocity.runtime.RuntimeInstance.init(RuntimeInstance.java:240)
	at org.apache.velocity.runtime.RuntimeInstance.init(RuntimeInstance.java:534)
	at org.apache.velocity.app.VelocityEngine.init(VelocityEngine.java:144)
	at com.amazonaws.mturk.addon.HITQuestion.<init>(HITQuestion.java:69)
	at com.amazonaws.mturk.cmd.LoadHITs.loadHITs(LoadHITs.java:185)
	at com.amazonaws.mturk.cmd.LoadHITs.runCommand(LoadHITs.java:120)
	at com.amazonaws.mturk.cmd.AbstractCmd.run(AbstractCmd.java:148)
	at com.amazonaws.mturk.cmd.LoadHITs.main(LoadHITs.java:55)
Caused by: java.lang.ClassNotFoundException: org.apache.log.format.Formatter
	at java.net.URLClassLoader$1.run(URLClassLoader.java:217)
	at java.security.AccessController.doPrivileged(Native Method)
	at java.net.URLClassLoader.findClass(URLClassLoader.java:205)
	at java.lang.ClassLoader.loadClass(ClassLoader.java:321)
	at sun.misc.Launcher$AppClassLoader.loadClass(Launcher.java:294)
	at java.lang.ClassLoader.loadClass(ClassLoader.java:266)
	... 15 more
2013-04-26 18:45:29,131 - Trying to use logger class org.apache.velocity.runtime.log.Log4JLogChute
2013-04-26 18:45:29,131 - Using logger class org.apache.velocity.runtime.log.Log4JLogChute
2013-04-26 18:45:29,132 - Default ResourceManager initializing. (class org.apache.velocity.runtime.resource.ResourceManagerImpl)
2013-04-26 18:45:29,135 - ResourceLoader instantiated: org.apache.velocity.runtime.resource.loader.FileResourceLoader
2013-04-26 18:45:29,135 - Do unicode file recognition:  false
2013-04-26 18:45:29,135 - FileResourceLoader : adding path '../samples/external_hit'
2013-04-26 18:45:29,144 - ResourceCache: initialized (class org.apache.velocity.runtime.resource.ResourceCacheImpl)
2013-04-26 18:45:29,145 - Loaded System Directive: org.apache.velocity.runtime.directive.Literal
2013-04-26 18:45:29,145 - Loaded System Directive: org.apache.velocity.runtime.directive.Macro
2013-04-26 18:45:29,147 - Loaded System Directive: org.apache.velocity.runtime.directive.Parse
2013-04-26 18:45:29,148 - Loaded System Directive: org.apache.velocity.runtime.directive.Include
2013-04-26 18:45:29,148 - Loaded System Directive: org.apache.velocity.runtime.directive.Foreach
2013-04-26 18:45:29,169 - Created '20' parsers.
2013-04-26 18:45:29,174 - Velocimacro : "velocimacro.library" is not set.  Trying default library: VM_global_library.vm
2013-04-26 18:45:29,174 - Velocimacro : Default library not found.
2013-04-26 18:45:29,174 - Velocimacro : allowInline = true : VMs can be defined inline in templates
2013-04-26 18:45:29,174 - Velocimacro : allowInlineToOverride = false : VMs defined inline may NOT replace previous VM definitions
2013-04-26 18:45:29,174 - Velocimacro : allowInlineLocal = false : VMs defined inline will be global in scope if allowed.
2013-04-26 18:45:29,174 - Velocimacro : autoload off : VM system will not automatically reload global library macros
2013-04-26 18:45:29,181 - ResourceManager : found external_hit.question with loader org.apache.velocity.runtime.resource.loader.FileResourceLoader
2013-04-26 18:45:29,186 - Log4JLogChute initialized using file 'velocity.log'
2013-04-26 18:45:29,186 - Log4JLogChute initialized using file 'velocity.log'
2013-04-26 18:45:29,186 - Starting Apache Velocity v1.5 (compiled: 2007-02-22 08:52:29)
2013-04-26 18:45:29,186 - Starting Apache Velocity v1.5 (compiled: 2007-02-22 08:52:29)
2013-04-26 18:45:29,186 - Default Properties File: org/apache/velocity/runtime/defaults/velocity.properties
2013-04-26 18:45:29,186 - Default Properties File: org/apache/velocity/runtime/defaults/velocity.properties
2013-04-26 18:45:29,186 - Trying to use logger class org.apache.velocity.runtime.log.AvalonLogChute
2013-04-26 18:45:29,186 - Trying to use logger class org.apache.velocity.runtime.log.AvalonLogChute
2013-04-26 18:45:29,186 - Couldn't find class org.apache.velocity.runtime.log.AvalonLogChute or necessary supporting classes in classpath.
java.lang.NoClassDefFoundError: org/apache/log/format/Formatter
	at java.lang.Class.forName0(Native Method)
	at java.lang.Class.forName(Class.java:266)
	at org.apache.velocity.util.ClassUtils.getClass(ClassUtils.java:63)
	at org.apache.velocity.util.ClassUtils.getNewInstance(ClassUtils.java:95)
	at org.apache.velocity.runtime.log.LogManager.createLogChute(LogManager.java:147)
	at org.apache.velocity.runtime.log.LogManager.updateLog(LogManager.java:208)
	at org.apache.velocity.runtime.RuntimeInstance.initializeLog(RuntimeInstance.java:728)
	at org.apache.velocity.runtime.RuntimeInstance.init(RuntimeInstance.java:240)
	at org.apache.velocity.runtime.RuntimeSingleton.init(RuntimeSingleton.java:113)
	at org.apache.velocity.app.Velocity.init(Velocity.java:83)
	at com.amazonaws.mturk.util.VelocityUtil.doMerge(VelocityUtil.java:34)
	at com.amazonaws.mturk.addon.HITProperties.getMaxAssignments(HITProperties.java:268)
	at com.amazonaws.mturk.cmd.LoadHITs.loadHITs(LoadHITs.java:226)
	at com.amazonaws.mturk.cmd.LoadHITs.runCommand(LoadHITs.java:120)
	at com.amazonaws.mturk.cmd.AbstractCmd.run(AbstractCmd.java:148)
	at com.amazonaws.mturk.cmd.LoadHITs.main(LoadHITs.java:55)
Caused by: java.lang.ClassNotFoundException: org.apache.log.format.Formatter
	at java.net.URLClassLoader$1.run(URLClassLoader.java:217)
	at java.security.AccessController.doPrivileged(Native Method)
	at java.net.URLClassLoader.findClass(URLClassLoader.java:205)
	at java.lang.ClassLoader.loadClass(ClassLoader.java:321)
	at sun.misc.Launcher$AppClassLoader.loadClass(Launcher.java:294)
	at java.lang.ClassLoader.loadClass(ClassLoader.java:266)
	... 16 more
2013-04-26 18:45:29,186 - Couldn't find class org.apache.velocity.runtime.log.AvalonLogChute or necessary supporting classes in classpath.
java.lang.NoClassDefFoundError: org/apache/log/format/Formatter
	at java.lang.Class.forName0(Native Method)
	at java.lang.Class.forName(Class.java:266)
	at org.apache.velocity.util.ClassUtils.getClass(ClassUtils.java:63)
	at org.apache.velocity.util.ClassUtils.getNewInstance(ClassUtils.java:95)
	at org.apache.velocity.runtime.log.LogManager.createLogChute(LogManager.java:147)
	at org.apache.velocity.runtime.log.LogManager.updateLog(LogManager.java:208)
	at org.apache.velocity.runtime.RuntimeInstance.initializeLog(RuntimeInstance.java:728)
	at org.apache.velocity.runtime.RuntimeInstance.init(RuntimeInstance.java:240)
	at org.apache.velocity.runtime.RuntimeSingleton.init(RuntimeSingleton.java:113)
	at org.apache.velocity.app.Velocity.init(Velocity.java:83)
	at com.amazonaws.mturk.util.VelocityUtil.doMerge(VelocityUtil.java:34)
	at com.amazonaws.mturk.addon.HITProperties.getMaxAssignments(HITProperties.java:268)
	at com.amazonaws.mturk.cmd.LoadHITs.loadHITs(LoadHITs.java:226)
	at com.amazonaws.mturk.cmd.LoadHITs.runCommand(LoadHITs.java:120)
	at com.amazonaws.mturk.cmd.AbstractCmd.run(AbstractCmd.java:148)
	at com.amazonaws.mturk.cmd.LoadHITs.main(LoadHITs.java:55)
Caused by: java.lang.ClassNotFoundException: org.apache.log.format.Formatter
	at java.net.URLClassLoader$1.run(URLClassLoader.java:217)
	at java.security.AccessController.doPrivileged(Native Method)
	at java.net.URLClassLoader.findClass(URLClassLoader.java:205)
	at java.lang.ClassLoader.loadClass(ClassLoader.java:321)
	at sun.misc.Launcher$AppClassLoader.loadClass(Launcher.java:294)
	at java.lang.ClassLoader.loadClass(ClassLoader.java:266)
	... 16 more
2013-04-26 18:45:29,187 - Trying to use logger class org.apache.velocity.runtime.log.Log4JLogChute
2013-04-26 18:45:29,187 - Trying to use logger class org.apache.velocity.runtime.log.Log4JLogChute
2013-04-26 18:45:29,187 - Using logger class org.apache.velocity.runtime.log.Log4JLogChute
2013-04-26 18:45:29,187 - Using logger class org.apache.velocity.runtime.log.Log4JLogChute
2013-04-26 18:45:29,187 - Default ResourceManager initializing. (class org.apache.velocity.runtime.resource.ResourceManagerImpl)
2013-04-26 18:45:29,187 - Default ResourceManager initializing. (class org.apache.velocity.runtime.resource.ResourceManagerImpl)
2013-04-26 18:45:29,187 - ResourceLoader instantiated: org.apache.velocity.runtime.resource.loader.FileResourceLoader
2013-04-26 18:45:29,187 - ResourceLoader instantiated: org.apache.velocity.runtime.resource.loader.FileResourceLoader
2013-04-26 18:45:29,187 - Do unicode file recognition:  false
2013-04-26 18:45:29,187 - Do unicode file recognition:  false
2013-04-26 18:45:29,187 - FileResourceLoader : adding path '.'
2013-04-26 18:45:29,187 - FileResourceLoader : adding path '.'
2013-04-26 18:45:29,187 - ResourceCache: initialized (class org.apache.velocity.runtime.resource.ResourceCacheImpl)
2013-04-26 18:45:29,187 - ResourceCache: initialized (class org.apache.velocity.runtime.resource.ResourceCacheImpl)
2013-04-26 18:45:29,187 - Loaded System Directive: org.apache.velocity.runtime.directive.Literal
2013-04-26 18:45:29,187 - Loaded System Directive: org.apache.velocity.runtime.directive.Literal
2013-04-26 18:45:29,187 - Loaded System Directive: org.apache.velocity.runtime.directive.Macro
2013-04-26 18:45:29,187 - Loaded System Directive: org.apache.velocity.runtime.directive.Macro
2013-04-26 18:45:29,187 - Loaded System Directive: org.apache.velocity.runtime.directive.Parse
2013-04-26 18:45:29,187 - Loaded System Directive: org.apache.velocity.runtime.directive.Parse
2013-04-26 18:45:29,187 - Loaded System Directive: org.apache.velocity.runtime.directive.Include
2013-04-26 18:45:29,187 - Loaded System Directive: org.apache.velocity.runtime.directive.Include
2013-04-26 18:45:29,187 - Loaded System Directive: org.apache.velocity.runtime.directive.Foreach
2013-04-26 18:45:29,187 - Loaded System Directive: org.apache.velocity.runtime.directive.Foreach
2013-04-26 18:45:29,192 - Created '20' parsers.
2013-04-26 18:45:29,192 - Created '20' parsers.
2013-04-26 18:45:29,192 - Velocimacro : "velocimacro.library" is not set.  Trying default library: VM_global_library.vm
2013-04-26 18:45:29,192 - Velocimacro : "velocimacro.library" is not set.  Trying default library: VM_global_library.vm
2013-04-26 18:45:29,192 - Velocimacro : Default library not found.
2013-04-26 18:45:29,192 - Velocimacro : Default library not found.
2013-04-26 18:45:29,192 - Velocimacro : allowInline = true : VMs can be defined inline in templates
2013-04-26 18:45:29,192 - Velocimacro : allowInline = true : VMs can be defined inline in templates
2013-04-26 18:45:29,192 - Velocimacro : allowInlineToOverride = false : VMs defined inline may NOT replace previous VM definitions
2013-04-26 18:45:29,192 - Velocimacro : allowInlineToOverride = false : VMs defined inline may NOT replace previous VM definitions
2013-04-26 18:45:29,192 - Velocimacro : allowInlineLocal = false : VMs defined inline will be global in scope if allowed.
2013-04-26 18:45:29,192 - Velocimacro : allowInlineLocal = false : VMs defined inline will be global in scope if allowed.
2013-04-26 18:45:29,192 - Velocimacro : autoload off : VM system will not automatically reload global library macros
2013-04-26 18:45:29,192 - Velocimacro : autoload off : VM system will not automatically reload global library macros
2013-04-26 18:45:30,255 - Null reference [template 'external_hit.question', line 2, column 32] : $urls cannot be resolved.
2013-04-26 18:45:30,255 - Null reference [template 'external_hit.question', line 2, column 32] : $urls cannot be resolved.
2013-04-26 18:45:30,271 - Null reference [template 'external_hit.question', line 2, column 32] : $urls cannot be resolved.
2013-04-26 18:45:30,271 - Null reference [template 'external_hit.question', line 2, column 32] : $urls cannot be resolved.
2013-04-26 18:45:30,271 - Null reference [template 'external_hit.question', line 2, column 32] : $urls cannot be resolved.
2013-04-26 18:45:30,271 - Null reference [template 'external_hit.question', line 2, column 32] : $urls cannot be resolved.
2013-04-26 18:45:30,272 - Null reference [template 'external_hit.question', line 2, column 32] : $urls cannot be resolved.
2013-04-26 18:45:30,272 - Null reference [template 'external_hit.question', line 2, column 32] : $urls cannot be resolved.
2013-04-26 18:56:21,740 - Log4JLogChute initialized using file 'velocity.log'
2013-04-26 18:56:21,741 - Starting Apache Velocity v1.5 (compiled: 2007-02-22 08:52:29)
2013-04-26 18:56:21,741 - Default Properties File: org/apache/velocity/runtime/defaults/velocity.properties
2013-04-26 18:56:21,741 - Trying to use logger class org.apache.velocity.runtime.log.AvalonLogChute
2013-04-26 18:56:21,741 - Couldn't find class org.apache.velocity.runtime.log.AvalonLogChute or necessary supporting classes in classpath.
java.lang.NoClassDefFoundError: org/apache/log/format/Formatter
	at java.lang.Class.forName0(Native Method)
	at java.lang.Class.forName(Class.java:266)
	at org.apache.velocity.util.ClassUtils.getClass(ClassUtils.java:63)
	at org.apache.velocity.util.ClassUtils.getNewInstance(ClassUtils.java:95)
	at org.apache.velocity.runtime.log.LogManager.createLogChute(LogManager.java:147)
	at org.apache.velocity.runtime.log.LogManager.updateLog(LogManager.java:208)
	at org.apache.velocity.runtime.RuntimeInstance.initializeLog(RuntimeInstance.java:728)
	at org.apache.velocity.runtime.RuntimeInstance.init(RuntimeInstance.java:240)
	at org.apache.velocity.runtime.RuntimeInstance.init(RuntimeInstance.java:534)
	at org.apache.velocity.app.VelocityEngine.init(VelocityEngine.java:144)
	at com.amazonaws.mturk.addon.HITQuestion.<init>(HITQuestion.java:69)
	at com.amazonaws.mturk.cmd.LoadHITs.loadHITs(LoadHITs.java:185)
	at com.amazonaws.mturk.cmd.LoadHITs.runCommand(LoadHITs.java:120)
	at com.amazonaws.mturk.cmd.AbstractCmd.run(AbstractCmd.java:148)
	at com.amazonaws.mturk.cmd.LoadHITs.main(LoadHITs.java:55)
Caused by: java.lang.ClassNotFoundException: org.apache.log.format.Formatter
	at java.net.URLClassLoader$1.run(URLClassLoader.java:217)
	at java.security.AccessController.doPrivileged(Native Method)
	at java.net.URLClassLoader.findClass(URLClassLoader.java:205)
	at java.lang.ClassLoader.loadClass(ClassLoader.java:321)
	at sun.misc.Launcher$AppClassLoader.loadClass(Launcher.java:294)
	at java.lang.ClassLoader.loadClass(ClassLoader.java:266)
	... 15 more
2013-04-26 18:56:21,742 - Trying to use logger class org.apache.velocity.runtime.log.Log4JLogChute
2013-04-26 18:56:21,742 - Using logger class org.apache.velocity.runtime.log.Log4JLogChute
2013-04-26 18:56:21,744 - Default ResourceManager initializing. (class org.apache.velocity.runtime.resource.ResourceManagerImpl)
2013-04-26 18:56:21,746 - ResourceLoader instantiated: org.apache.velocity.runtime.resource.loader.FileResourceLoader
2013-04-26 18:56:21,747 - Do unicode file recognition:  false
2013-04-26 18:56:21,747 - FileResourceLoader : adding path '../samples/external_hit'
2013-04-26 18:56:21,755 - ResourceCache: initialized (class org.apache.velocity.runtime.resource.ResourceCacheImpl)
2013-04-26 18:56:21,756 - Loaded System Directive: org.apache.velocity.runtime.directive.Literal
2013-04-26 18:56:21,757 - Loaded System Directive: org.apache.velocity.runtime.directive.Macro
2013-04-26 18:56:21,758 - Loaded System Directive: org.apache.velocity.runtime.directive.Parse
2013-04-26 18:56:21,759 - Loaded System Directive: org.apache.velocity.runtime.directive.Include
2013-04-26 18:56:21,760 - Loaded System Directive: org.apache.velocity.runtime.directive.Foreach
2013-04-26 18:56:21,780 - Created '20' parsers.
2013-04-26 18:56:21,785 - Velocimacro : "velocimacro.library" is not set.  Trying default library: VM_global_library.vm
2013-04-26 18:56:21,785 - Velocimacro : Default library not found.
2013-04-26 18:56:21,785 - Velocimacro : allowInline = true : VMs can be defined inline in templates
2013-04-26 18:56:21,785 - Velocimacro : allowInlineToOverride = false : VMs defined inline may NOT replace previous VM definitions
2013-04-26 18:56:21,785 - Velocimacro : allowInlineLocal = false : VMs defined inline will be global in scope if allowed.
2013-04-26 18:56:21,785 - Velocimacro : autoload off : VM system will not automatically reload global library macros
2013-04-26 18:56:21,792 - ResourceManager : found external_hit.question with loader org.apache.velocity.runtime.resource.loader.FileResourceLoader
2013-04-26 18:56:21,798 - Log4JLogChute initialized using file 'velocity.log'
2013-04-26 18:56:21,798 - Log4JLogChute initialized using file 'velocity.log'
2013-04-26 18:56:21,798 - Starting Apache Velocity v1.5 (compiled: 2007-02-22 08:52:29)
2013-04-26 18:56:21,798 - Starting Apache Velocity v1.5 (compiled: 2007-02-22 08:52:29)
2013-04-26 18:56:21,798 - Default Properties File: org/apache/velocity/runtime/defaults/velocity.properties
2013-04-26 18:56:21,798 - Default Properties File: org/apache/velocity/runtime/defaults/velocity.properties
2013-04-26 18:56:21,798 - Trying to use logger class org.apache.velocity.runtime.log.AvalonLogChute
2013-04-26 18:56:21,798 - Trying to use logger class org.apache.velocity.runtime.log.AvalonLogChute
2013-04-26 18:56:21,798 - Couldn't find class org.apache.velocity.runtime.log.AvalonLogChute or necessary supporting classes in classpath.
java.lang.NoClassDefFoundError: org/apache/log/format/Formatter
	at java.lang.Class.forName0(Native Method)
	at java.lang.Class.forName(Class.java:266)
	at org.apache.velocity.util.ClassUtils.getClass(ClassUtils.java:63)
	at org.apache.velocity.util.ClassUtils.getNewInstance(ClassUtils.java:95)
	at org.apache.velocity.runtime.log.LogManager.createLogChute(LogManager.java:147)
	at org.apache.velocity.runtime.log.LogManager.updateLog(LogManager.java:208)
	at org.apache.velocity.runtime.RuntimeInstance.initializeLog(RuntimeInstance.java:728)
	at org.apache.velocity.runtime.RuntimeInstance.init(RuntimeInstance.java:240)
	at org.apache.velocity.runtime.RuntimeSingleton.init(RuntimeSingleton.java:113)
	at org.apache.velocity.app.Velocity.init(Velocity.java:83)
	at com.amazonaws.mturk.util.VelocityUtil.doMerge(VelocityUtil.java:34)
	at com.amazonaws.mturk.addon.HITProperties.getMaxAssignments(HITProperties.java:268)
	at com.amazonaws.mturk.cmd.LoadHITs.loadHITs(LoadHITs.java:226)
	at com.amazonaws.mturk.cmd.LoadHITs.runCommand(LoadHITs.java:120)
	at com.amazonaws.mturk.cmd.AbstractCmd.run(AbstractCmd.java:148)
	at com.amazonaws.mturk.cmd.LoadHITs.main(LoadHITs.java:55)
Caused by: java.lang.ClassNotFoundException: org.apache.log.format.Formatter
	at java.net.URLClassLoader$1.run(URLClassLoader.java:217)
	at java.security.AccessController.doPrivileged(Native Method)
	at java.net.URLClassLoader.findClass(URLClassLoader.java:205)
	at java.lang.ClassLoader.loadClass(ClassLoader.java:321)
	at sun.misc.Launcher$AppClassLoader.loadClass(Launcher.java:294)
	at java.lang.ClassLoader.loadClass(ClassLoader.java:266)
	... 16 more
2013-04-26 18:56:21,798 - Couldn't find class org.apache.velocity.runtime.log.AvalonLogChute or necessary supporting classes in classpath.
java.lang.NoClassDefFoundError: org/apache/log/format/Formatter
	at java.lang.Class.forName0(Native Method)
	at java.lang.Class.forName(Class.java:266)
	at org.apache.velocity.util.ClassUtils.getClass(ClassUtils.java:63)
	at org.apache.velocity.util.ClassUtils.getNewInstance(ClassUtils.java:95)
	at org.apache.velocity.runtime.log.LogManager.createLogChute(LogManager.java:147)
	at org.apache.velocity.runtime.log.LogManager.updateLog(LogManager.java:208)
	at org.apache.velocity.runtime.RuntimeInstance.initializeLog(RuntimeInstance.java:728)
	at org.apache.velocity.runtime.RuntimeInstance.init(RuntimeInstance.java:240)
	at org.apache.velocity.runtime.RuntimeSingleton.init(RuntimeSingleton.java:113)
	at org.apache.velocity.app.Velocity.init(Velocity.java:83)
	at com.amazonaws.mturk.util.VelocityUtil.doMerge(VelocityUtil.java:34)
	at com.amazonaws.mturk.addon.HITProperties.getMaxAssignments(HITProperties.java:268)
	at com.amazonaws.mturk.cmd.LoadHITs.loadHITs(LoadHITs.java:226)
	at com.amazonaws.mturk.cmd.LoadHITs.runCommand(LoadHITs.java:120)
	at com.amazonaws.mturk.cmd.AbstractCmd.run(AbstractCmd.java:148)
	at com.amazonaws.mturk.cmd.LoadHITs.main(LoadHITs.java:55)
Caused by: java.lang.ClassNotFoundException: org.apache.log.format.Formatter
	at java.net.URLClassLoader$1.run(URLClassLoader.java:217)
	at java.security.AccessController.doPrivileged(Native Method)
	at java.net.URLClassLoader.findClass(URLClassLoader.java:205)
	at java.lang.ClassLoader.loadClass(ClassLoader.java:321)
	at sun.misc.Launcher$AppClassLoader.loadClass(Launcher.java:294)
	at java.lang.ClassLoader.loadClass(ClassLoader.java:266)
	... 16 more
2013-04-26 18:56:21,798 - Trying to use logger class org.apache.velocity.runtime.log.Log4JLogChute
2013-04-26 18:56:21,798 - Trying to use logger class org.apache.velocity.runtime.log.Log4JLogChute
2013-04-26 18:56:21,798 - Using logger class org.apache.velocity.runtime.log.Log4JLogChute
2013-04-26 18:56:21,798 - Using logger class org.apache.velocity.runtime.log.Log4JLogChute
2013-04-26 18:56:21,798 - Default ResourceManager initializing. (class org.apache.velocity.runtime.resource.ResourceManagerImpl)
2013-04-26 18:56:21,798 - Default ResourceManager initializing. (class org.apache.velocity.runtime.resource.ResourceManagerImpl)
2013-04-26 18:56:21,798 - ResourceLoader instantiated: org.apache.velocity.runtime.resource.loader.FileResourceLoader
2013-04-26 18:56:21,798 - ResourceLoader instantiated: org.apache.velocity.runtime.resource.loader.FileResourceLoader
2013-04-26 18:56:21,798 - Do unicode file recognition:  false
2013-04-26 18:56:21,798 - Do unicode file recognition:  false
2013-04-26 18:56:21,798 - FileResourceLoader : adding path '.'
2013-04-26 18:56:21,798 - FileResourceLoader : adding path '.'
2013-04-26 18:56:21,799 - ResourceCache: initialized (class org.apache.velocity.runtime.resource.ResourceCacheImpl)
2013-04-26 18:56:21,799 - ResourceCache: initialized (class org.apache.velocity.runtime.resource.ResourceCacheImpl)
2013-04-26 18:56:21,799 - Loaded System Directive: org.apache.velocity.runtime.directive.Literal
2013-04-26 18:56:21,799 - Loaded System Directive: org.apache.velocity.runtime.directive.Literal
2013-04-26 18:56:21,799 - Loaded System Directive: org.apache.velocity.runtime.directive.Macro
2013-04-26 18:56:21,799 - Loaded System Directive: org.apache.velocity.runtime.directive.Macro
2013-04-26 18:56:21,799 - Loaded System Directive: org.apache.velocity.runtime.directive.Parse
2013-04-26 18:56:21,799 - Loaded System Directive: org.apache.velocity.runtime.directive.Parse
2013-04-26 18:56:21,799 - Loaded System Directive: org.apache.velocity.runtime.directive.Include
2013-04-26 18:56:21,799 - Loaded System Directive: org.apache.velocity.runtime.directive.Include
2013-04-26 18:56:21,799 - Loaded System Directive: org.apache.velocity.runtime.directive.Foreach
2013-04-26 18:56:21,799 - Loaded System Directive: org.apache.velocity.runtime.directive.Foreach
2013-04-26 18:56:21,803 - Created '20' parsers.
2013-04-26 18:56:21,803 - Created '20' parsers.
2013-04-26 18:56:21,803 - Velocimacro : "velocimacro.library" is not set.  Trying default library: VM_global_library.vm
2013-04-26 18:56:21,803 - Velocimacro : "velocimacro.library" is not set.  Trying default library: VM_global_library.vm
2013-04-26 18:56:21,803 - Velocimacro : Default library not found.
2013-04-26 18:56:21,803 - Velocimacro : Default library not found.
2013-04-26 18:56:21,803 - Velocimacro : allowInline = true : VMs can be defined inline in templates
2013-04-26 18:56:21,803 - Velocimacro : allowInline = true : VMs can be defined inline in templates
2013-04-26 18:56:21,803 - Velocimacro : allowInlineToOverride = false : VMs defined inline may NOT replace previous VM definitions
2013-04-26 18:56:21,803 - Velocimacro : allowInlineToOverride = false : VMs defined inline may NOT replace previous VM definitions
2013-04-26 18:56:21,803 - Velocimacro : allowInlineLocal = false : VMs defined inline will be global in scope if allowed.
2013-04-26 18:56:21,803 - Velocimacro : allowInlineLocal = false : VMs defined inline will be global in scope if allowed.
2013-04-26 18:56:21,803 - Velocimacro : autoload off : VM system will not automatically reload global library macros
2013-04-26 18:56:21,803 - Velocimacro : autoload off : VM system will not automatically reload global library macros
2013-04-26 18:56:22,953 - Null reference [template 'external_hit.question', line 2, column 32] : $urls cannot be resolved.
2013-04-26 18:56:22,953 - Null reference [template 'external_hit.question', line 2, column 32] : $urls cannot be resolved.
2013-04-26 18:56:22,967 - Null reference [template 'external_hit.question', line 2, column 32] : $urls cannot be resolved.
2013-04-26 18:56:22,967 - Null reference [template 'external_hit.question', line 2, column 32] : $urls cannot be resolved.
2013-04-26 18:56:22,968 - Null reference [template 'external_hit.question', line 2, column 32] : $urls cannot be resolved.
2013-04-26 18:56:22,968 - Null reference [template 'external_hit.question', line 2, column 32] : $urls cannot be resolved.
2013-04-26 18:56:22,968 - Null reference [template 'external_hit.question', line 2, column 32] : $urls cannot be resolved.
2013-04-26 18:56:22,968 - Null reference [template 'external_hit.question', line 2, column 32] : $urls cannot be resolved.
